[09:45:59:711] [INFO] - com.wisdomgarden.shopping.utils.FileUtil.bufferReadToString(FileUtil.java:32) - start to read file: case001
[09:45:59:715] [INFO] - com.wisdomgarden.shopping.utils.FileUtil.bufferReadToString(FileUtil.java:43) - read success, result:
[09:50:16:408] [INFO] - com.wisdomgarden.shopping.utils.FileUtil.bufferReadToString(FileUtil.java:32) - start to read file: case001
[09:50:16:410] [ERROR] - com.wisdomgarden.shopping.utils.FileUtil.bufferReadToString(FileUtil.java:35) - Failed to read file, file is not exist!
[09:51:38:970] [INFO] - com.wisdomgarden.shopping.utils.FileUtil.bufferReadToString(FileUtil.java:32) - start to read file: src/main/resources/input/case001
[09:51:38:974] [INFO] - com.wisdomgarden.shopping.utils.FileUtil.bufferReadToString(FileUtil.java:47) - read success, result: [50, 48, 49, 51, 46, 49, 49, 46, 49, 49, 32, 124, 32, 48, 46, 55, 32, 124, 32, -25, -108, -75, -30, -68, -90, 13, 10, 13, 10, 49, 32, 42, 32, 105, 112, 97, 100, 32, 58, 32, 50, 51, 57, 57, 46, 48, 48, 13, 10, 49, 32, 42, 32, -26, -104, -66, -30, -67, -80, -27, -103, -88, 32, 58, 32, 49, 55, 57, 57, 46, 48, 48, 13, 10, 49, 50, 32, 42, 32, -27, -107, -92, -23, -123, -110, 32, 58, 32, 50, 53, 46, 48, 48, 13, 10, 53, 32, 42, 32, -30, -66, -81, -27, -116, -123, 32, 58, 32, 57, 46, 48, 48, 13, 10, 13, 10, 50, 48, 49, 51, 46, 49, 49, 46, 49, 49, 13, 10, 50, 48, 49, 52, 46, 51, 46, 50, 32, 49, 48, 48, 48, 32, 50, 48, 48, 0, 0, 0, 0, 0, 0, 0, 0, 0, 0, 0, 0, 0, 0, 0, 0, 0, 0, 0, 0, 0, 0, 0, 0, 0, 0, 0, 0, 0, 0, 0, 0, 0, 0, 0, 0, 0, 0, 0, 0, 0, 0, 0, 0, 0, 0, 0, 0, 0, 0, 0, 0, 0, 0, 0, 0, 0, 0, 0, 0, 0, 0, 0, 0, 0, 0, 0, 0, 0, 0, 0, 0, 0, 0, 0, 0, 0, 0, 0, 0, 0, 0, 0, 0, 0, 0, 0, 0, 0, 0, 0, 0, 0, 0, 0, 0, 0, 0, 0, 0, 0, 0, 0, 0, 0, 0, 0, 0, 0, 0, 0, 0, 0, 0, 0, 0, 0, 0, 0, 0, 0, 0, 0, 0, 0, 0, 0, 0, 0, 0, 0, 0, 0, 0, 0, 0, 0, 0, 0, 0, 0, 0, 0, 0, 0, 0, 0, 0, 0, 0, 0, 0, 0, 0, 0, 0, 0, 0, 0, 0, 0, 0, 0, 0, 0, 0, 0, 0, 0, 0, 0, 0, 0, 0, 0, 0, 0, 0, 0, 0, 0, 0, 0, 0, 0, 0, 0, 0, 0, 0, 0, 0, 0, 0, 0, 0, 0, 0, 0, 0, 0, 0, 0, 0, 0, 0, 0, 0, 0, 0, 0, 0, 0, 0, 0, 0, 0, 0, 0, 0, 0, 0, 0, 0, 0, 0, 0, 0, 0, 0, 0, 0, 0, 0, 0, 0, 0, 0, 0, 0, 0, 0, 0, 0, 0, 0, 0, 0, 0, 0, 0, 0, 0, 0, 0, 0, 0, 0, 0, 0, 0, 0, 0, 0, 0, 0, 0, 0, 0, 0, 0, 0, 0, 0, 0, 0, 0, 0, 0, 0, 0, 0, 0, 0, 0, 0, 0, 0, 0, 0, 0, 0, 0, 0, 0, 0, 0, 0, 0, 0, 0, 0, 0, 0, 0, 0, 0, 0, 0, 0, 0, 0, 0, 0, 0, 0, 0, 0, 0, 0, 0, 0, 0, 0, 0, 0, 0, 0, 0, 0, 0, 0, 0, 0, 0, 0, 0, 0, 0, 0, 0, 0, 0, 0, 0, 0, 0, 0, 0, 0, 0, 0, 0, 0, 0, 0, 0, 0, 0, 0, 0, 0, 0, 0, 0, 0, 0, 0, 0, 0, 0, 0, 0, 0, 0, 0, 0, 0, 0, 0, 0, 0, 0, 0, 0, 0, 0, 0, 0, 0, 0, 0, 0, 0, 0, 0, 0, 0, 0, 0, 0, 0, 0, 0, 0, 0, 0, 0, 0, 0, 0, 0, 0, 0, 0, 0, 0, 0, 0, 0, 0, 0, 0, 0, 0, 0, 0, 0, 0, 0, 0, 0, 0, 0, 0, 0, 0, 0, 0, 0, 0, 0, 0, 0, 0, 0, 0, 0, 0, 0, 0, 0, 0, 0, 0, 0, 0, 0, 0, 0, 0, 0, 0, 0, 0, 0, 0, 0, 0, 0, 0, 0, 0, 0, 0, 0, 0, 0, 0, 0, 0, 0, 0, 0, 0, 0, 0, 0, 0, 0, 0, 0, 0, 0, 0, 0, 0, 0, 0, 0, 0, 0, 0, 0, 0, 0, 0, 0, 0, 0, 0, 0, 0, 0, 0, 0, 0, 0, 0, 0, 0, 0, 0, 0, 0, 0, 0, 0, 0, 0, 0, 0, 0, 0, 0, 0, 0, 0, 0, 0, 0, 0, 0, 0, 0, 0, 0, 0, 0, 0, 0, 0, 0, 0, 0, 0, 0, 0, 0, 0, 0, 0, 0, 0, 0, 0, 0, 0, 0, 0, 0, 0, 0, 0, 0, 0, 0, 0, 0, 0, 0, 0, 0, 0, 0, 0, 0, 0, 0, 0, 0, 0, 0, 0, 0, 0, 0, 0, 0, 0, 0, 0, 0, 0, 0, 0, 0, 0, 0, 0, 0, 0, 0, 0, 0, 0, 0, 0, 0, 0, 0, 0, 0, 0, 0, 0, 0, 0, 0, 0, 0, 0, 0, 0, 0, 0, 0, 0, 0, 0, 0, 0, 0, 0, 0, 0, 0, 0, 0, 0, 0, 0, 0, 0, 0, 0, 0, 0, 0, 0, 0, 0, 0, 0, 0, 0, 0, 0, 0, 0, 0, 0, 0, 0, 0, 0, 0, 0, 0, 0, 0, 0, 0, 0, 0, 0, 0, 0, 0, 0, 0, 0, 0, 0, 0, 0, 0, 0, 0, 0, 0, 0, 0, 0, 0, 0, 0, 0, 0, 0, 0, 0, 0, 0, 0, 0, 0, 0, 0, 0, 0, 0, 0, 0, 0, 0, 0, 0, 0, 0, 0, 0, 0, 0, 0, 0, 0, 0, 0, 0, 0, 0, 0, 0, 0, 0, 0, 0, 0, 0, 0, 0, 0, 0, 0, 0, 0, 0, 0, 0, 0, 0, 0, 0, 0, 0, 0, 0, 0, 0, 0, 0, 0, 0, 0, 0, 0, 0, 0, 0, 0, 0, 0, 0, 0, 0, 0, 0, 0, 0, 0, 0, 0, 0, 0, 0, 0, 0, 0, 0, 0, 0, 0, 0, 0, 0, 0, 0, 0, 0, 0, 0, 0, 0, 0, 0, 0, 0, 0, 0, 0, 0, 0, 0, 0, 0, 0, 0, 0, 0, 0, 0, 0, 0, 0, 0, 0, 0, 0, 0, 0, 0, 0, 0, 0, 0, 0, 0, 0, 0, 0, 0, 0, 0, 0, 0, 0, 0, 0, 0, 0, 0, 0, 0, 0, 0, 0, 0, 0, 0, 0, 0, 0, 0, 0, 0, 0, 0, 0, 0, 0, 0, 0, 0, 0, 0, 0, 0, 0, 0, 0, 0, 0, 0, 0, 0, 0, 0, 0, 0, 0, 0, 0, 0, 0, 0, 0, 0, 0, 0, 0, 0, 0, 0, 0, 0, 0, 0, 0, 0, 0, 0, 0, 0, 0, 0, 0, 0, 0, 0, 0, 0, 0, 0, 0, 0, 0, 0, 0, 0, 0, 0, 0, 0, 0, 0, 0, 0, 0, 0, 0, 0, 0, 0, 0, 0, 0, 0, 0, 0, 0, 0, 0, 0, 0, 0, 0, 0, 0, 0, 0, 0, 0, 0, 0, 0, 0, 0, 0, 0, 0, 0, 0, 0, 0, 0, 0, 0, 0, 0, 0, 0, 0, 0, 0, 0, 0, 0, 0, 0, 0, 0, 0, 0, 0, 0, 0, 0, 0, 0, 0, 0, 0, 0, 0, 0, 0, 0, 0, 0, 0, 0, 0, 0, 0, 0, 0, 0, 0, 0, 0, 0, 0, 0, 0, 0, 0, 0, 0, 0, 0, 0, 0, 0, 0, 0, 0, 0, 0, 0, 0, 0, 0, 0, 0, 0, 0, 0, 0, 0, 0, 0, 0, 0, 0, 0, 0, 0, 0, 0, 0, 0, 0, 0, 0, 0, 0, 0, 0, 0, 0, 0, 0, 0, 0, 0, 0, 0, 0, 0, 0, 0, 0, 0, 0, 0, 0, 0, 0, 0, 0, 0, 0, 0, 0, 0, 0, 0, 0, 0, 0, 0, 0, 0, 0, 0, 0, 0, 0, 0, 0, 0, 0, 0, 0, 0, 0, 0, 0, 0, 0, 0, 0, 0, 0, 0, 0, 0, 0, 0, 0, 0, 0, 0, 0, 0, 0, 0, 0, 0, 0, 0, 0, 0, 0, 0, 0, 0, 0, 0, 0, 0, 0, 0, 0, 0, 0, 0, 0, 0, 0, 0, 0, 0, 0, 0, 0, 0, 0, 0, 0, 0, 0, 0, 0, 0, 0, 0, 0, 0, 0, 0, 0, 0, 0, 0, 0, 0, 0, 0, 0, 0, 0, 0, 0, 0, 0, 0, 0, 0, 0, 0, 0, 0, 0, 0, 0, 0, 0, 0, 0, 0, 0, 0, 0, 0, 0, 0, 0, 0, 0, 0, 0, 0, 0, 0, 0, 0, 0, 0, 0, 0, 0, 0, 0, 0, 0, 0, 0, 0, 0, 0, 0, 0, 0, 0, 0, 0, 0, 0, 0, 0, 0, 0, 0, 0, 0, 0, 0, 0, 0, 0, 0, 0, 0, 0, 0, 0, 0, 0, 0, 0, 0, 0, 0, 0, 0, 0, 0, 0, 0, 0, 0, 0, 0, 0, 0, 0, 0, 0, 0, 0, 0, 0, 0, 0, 0, 0, 0, 0, 0, 0, 0, 0, 0, 0, 0, 0, 0, 0, 0, 0, 0, 0, 0, 0, 0, 0, 0, 0, 0, 0, 0, 0, 0, 0, 0, 0, 0, 0, 0, 0, 0, 0, 0, 0, 0, 0, 0, 0, 0, 0, 0, 0, 0, 0, 0, 0, 0, 0, 0, 0, 0, 0, 0, 0, 0, 0, 0, 0, 0, 0, 0, 0, 0, 0, 0, 0, 0, 0, 0, 0, 0, 0, 0, 0, 0, 0, 0, 0, 0, 0, 0, 0, 0, 0, 0, 0, 0, 0, 0, 0, 0, 0, 0, 0, 0, 0, 0, 0, 0, 0, 0, 0, 0, 0, 0, 0, 0, 0, 0, 0, 0, 0, 0, 0, 0, 0, 0, 0, 0, 0, 0, 0, 0, 0, 0, 0, 0, 0, 0, 0, 0, 0, 0, 0, 0, 0, 0, 0, 0, 0, 0, 0, 0, 0, 0, 0, 0, 0, 0, 0, 0, 0, 0, 0, 0, 0, 0, 0, 0, 0, 0, 0, 0, 0, 0, 0, 0, 0, 0, 0, 0, 0, 0, 0, 0, 0, 0, 0, 0, 0, 0, 0, 0, 0, 0, 0, 0, 0, 0, 0, 0, 0, 0, 0, 0, 0, 0, 0, 0, 0, 0, 0, 0, 0, 0, 0, 0, 0, 0, 0, 0, 0, 0, 0, 0, 0, 0, 0, 0, 0, 0, 0, 0, 0, 0, 0, 0, 0, 0, 0, 0, 0, 0, 0, 0, 0, 0, 0, 0, 0, 0, 0, 0, 0, 0, 0, 0, 0, 0, 0, 0, 0, 0, 0, 0, 0, 0, 0, 0, 0, 0, 0, 0, 0, 0, 0, 0, 0, 0, 0, 0, 0, 0, 0, 0, 0, 0, 0, 0, 0, 0, 0, 0, 0, 0, 0, 0, 0, 0, 0, 0, 0, 0, 0, 0, 0, 0, 0, 0, 0, 0, 0, 0, 0, 0, 0, 0, 0, 0, 0, 0, 0, 0, 0, 0, 0, 0, 0, 0, 0, 0, 0, 0, 0, 0, 0, 0, 0, 0, 0, 0, 0, 0, 0, 0, 0, 0, 0, 0, 0, 0, 0, 0, 0, 0, 0, 0, 0, 0, 0, 0, 0, 0, 0, 0, 0, 0, 0, 0, 0, 0, 0, 0, 0, 0, 0, 0, 0, 0, 0, 0, 0, 0, 0, 0, 0, 0, 0, 0, 0, 0, 0, 0, 0, 0, 0, 0, 0, 0, 0, 0, 0, 0, 0, 0, 0, 0, 0, 0, 0, 0, 0, 0, 0, 0, 0, 0, 0, 0, 0, 0, 0, 0, 0, 0, 0, 0, 0, 0, 0, 0, 0, 0, 0, 0, 0, 0, 0, 0, 0, 0, 0, 0, 0, 0, 0, 0, 0, 0, 0, 0, 0, 0, 0, 0, 0, 0, 0, 0, 0, 0, 0, 0, 0, 0, 0, 0, 0, 0, 0, 0, 0, 0, 0, 0, 0, 0, 0, 0, 0, 0, 0, 0, 0, 0, 0, 0, 0, 0, 0, 0, 0, 0, 0, 0, 0, 0, 0, 0, 0, 0, 0, 0, 0, 0, 0, 0, 0, 0, 0, 0, 0, 0, 0, 0, 0, 0, 0, 0, 0, 0, 0, 0, 0, 0, 0, 0, 0, 0, 0, 0, 0, 0, 0, 0, 0, 0, 0, 0, 0, 0, 0, 0, 0, 0, 0, 0, 0, 0, 0, 0, 0, 0, 0, 0, 0, 0, 0, 0, 0, 0, 0, 0, 0, 0, 0, 0, 0, 0, 0, 0, 0, 0, 0, 0, 0, 0, 0, 0, 0, 0, 0, 0, 0, 0, 0, 0, 0, 0, 0, 0, 0, 0, 0, 0, 0, 0, 0, 0, 0, 0]
[10:04:58:056] [INFO] - com.wisdomgarden.shopping.utils.FileUtil.bufferReadToString(FileUtil.java:33) - start to read file: src/main/resources/input/case001
[10:04:58:058] [INFO] - com.wisdomgarden.shopping.utils.FileUtil.bufferReadToString(FileUtil.java:49) - read success, result: 2013.11.11 | 0.7 | 电⼦

1 * ipad : 2399.00
1 * 显⽰器 : 1799.00
12 * 啤酒 : 25.00
5 * ⾯包 : 9.00

2013.11.11
2014.3.2 1000 200

[10:29:48:032] [INFO] - com.wisdomgarden.shopping.utils.FileUtil.bufferReadToString(FileUtil.java:32) - start to read file: src/main/resources/input/case001
[10:29:48:034] [INFO] - com.wisdomgarden.shopping.utils.FileUtil.bufferReadToString(FileUtil.java:48) - read success, result: 2013.11.11 | 0.7 | 电⼦

1 * ipad : 2399.00
1 * 显⽰器 : 1799.00
12 * 啤酒 : 25.00
5 * ⾯包 : 9.00

2013.11.11
2014.3.2 1000 200

[10:29:48:035] [INFO] - com.wisdomgarden.shopping.utils.FileUtil.write(FileUtil.java:60) - start to write file, filePath:src/main/resources/output/case001
[10:29:48:035] [ERROR] - com.wisdomgarden.shopping.utils.FileUtil.write(FileUtil.java:67) - Failed to write file, exception occurred: src\main\resources\output\case001 (系统找不到指定的路径。)
[10:34:23:597] [INFO] - com.wisdomgarden.shopping.utils.FileUtil.bufferReadToString(FileUtil.java:32) - start to read file: src/main/resources/input/case001
[10:34:23:599] [INFO] - com.wisdomgarden.shopping.utils.FileUtil.bufferReadToString(FileUtil.java:48) - read success, result: 2013.11.11 | 0.7 | 电⼦

1 * ipad : 2399.00
1 * 显⽰器 : 1799.00
12 * 啤酒 : 25.00
5 * ⾯包 : 9.00

2013.11.11
2014.3.2 1000 200

[10:34:23:599] [INFO] - com.wisdomgarden.shopping.utils.FileUtil.write(FileUtil.java:60) - start to write file, filePath:src/main/resources/output/case001
[10:34:23:601] [ERROR] - com.wisdomgarden.shopping.utils.FileUtil.write(FileUtil.java:71) - Failed to write file, exception occurred: src\main\resources\output\case001 (拒绝访问。)
[10:36:06:169] [INFO] - com.wisdomgarden.shopping.utils.FileUtil.bufferReadToString(FileUtil.java:32) - start to read file: src/main/resources/input/case001
[10:36:06:172] [INFO] - com.wisdomgarden.shopping.utils.FileUtil.bufferReadToString(FileUtil.java:48) - read success, result: 2013.11.11 | 0.7 | 电⼦

1 * ipad : 2399.00
1 * 显⽰器 : 1799.00
12 * 啤酒 : 25.00
5 * ⾯包 : 9.00

2013.11.11
2014.3.2 1000 200

[10:36:06:172] [INFO] - com.wisdomgarden.shopping.utils.FileUtil.write(FileUtil.java:60) - start to write file, filePath:src/main/resources/output/case001
[11:36:16:454] [INFO] - com.wisdomgarden.shopping.utils.FileUtil.getCurrentPath(FileUtil.java:110) - current path: F:\00-source\shappingcart
[14:52:04:804] [INFO] - com.wisdomgarden.shopping.utils.FileUtil.read(FileUtil.java:29) - start to read file: src/main/resources/input/case001
[14:52:04:807] [INFO] - com.wisdomgarden.shopping.utils.FileUtil.read(FileUtil.java:45) - success to read file, result: 2013.11.11 | 0.7 | 电⼦

1 * ipad : 2399.00
1 * 显⽰器 : 1799.00
12 * 啤酒 : 25.00
5 * ⾯包 : 9.00

2013.11.11
2014.3.2 1000 200

[14:54:20:098] [INFO] - com.wisdomgarden.shopping.utils.FileUtil.read(FileUtil.java:29) - start to read file: src/main/resources/input/case001
[14:56:27:023] [INFO] - com.wisdomgarden.shopping.utils.FileUtil.read(FileUtil.java:45) - success to read file, result: 2013.11.11 | 0.7 | 电⼦

1 * ipad : 2399.00
1 * 显⽰器 : 1799.00
12 * 啤酒 : 25.00
5 * ⾯包 : 9.00

2013.11.11
2014.3.2 1000 200

[15:07:37:298] [INFO] - com.wisdomgarden.shopping.utils.FileUtil.read(FileUtil.java:29) - start to read file: src/main/resources/input/case001
[15:07:37:301] [INFO] - com.wisdomgarden.shopping.utils.FileUtil.read(FileUtil.java:45) - success to read file, result: 2013.11.11 | 0.7 | 电⼦

1 * ipad : 2399.00
1 * 显⽰器 : 1799.00
12 * 啤酒 : 25.00
5 * ⾯包 : 9.00

2013.11.11
2014.3.2 1000 200

[16:05:54:054] [INFO] - com.wisdomgarden.shopping.utils.FileUtil.read(FileUtil.java:29) - start to read file: src/main/resources/input/case001
[16:05:54:057] [INFO] - com.wisdomgarden.shopping.utils.FileUtil.read(FileUtil.java:45) - success to read file, result: 2013.11.11 | 0.7 | 电⼦

1 * ipad : 2399.00
1 * 显⽰器 : 1799.00
12 * 啤酒 : 25.00
5 * ⾯包 : 9.00

2013.11.11
2014.3.2 1000 200

[16:05:54:057] [INFO] - com.wisdomgarden.shopping.adapter.ShoppingCartAdapter.getPromotionInfo(ShoppingCartAdapter.java:105) - start to get promotion info, endIndex: 1
[16:07:01:465] [INFO] - com.wisdomgarden.shopping.utils.FileUtil.read(FileUtil.java:29) - start to read file: src/main/resources/input/case001
[16:07:01:468] [INFO] - com.wisdomgarden.shopping.utils.FileUtil.read(FileUtil.java:45) - success to read file, result: 2013.11.11 | 0.7 | 电⼦

1 * ipad : 2399.00
1 * 显⽰器 : 1799.00
12 * 啤酒 : 25.00
5 * ⾯包 : 9.00

2013.11.11
2014.3.2 1000 200

[16:07:01:468] [INFO] - com.wisdomgarden.shopping.adapter.ShoppingCartAdapter.getPromotionInfo(ShoppingCartAdapter.java:105) - start to get promotion info, endIndex: 1
[16:09:14:438] [INFO] - com.wisdomgarden.shopping.utils.FileUtil.read(FileUtil.java:29) - start to read file: src/main/resources/input/case001
[16:09:14:441] [INFO] - com.wisdomgarden.shopping.utils.FileUtil.read(FileUtil.java:45) - success to read file, result: 2013.11.11 | 0.7 | 电⼦

1 * ipad : 2399.00
1 * 显⽰器 : 1799.00
12 * 啤酒 : 25.00
5 * ⾯包 : 9.00

2013.11.11
2014.3.2 1000 200

[16:09:14:441] [INFO] - com.wisdomgarden.shopping.adapter.ShoppingCartAdapter.getPromotionInfo(ShoppingCartAdapter.java:105) - start to get promotion info, endIndex: 1
[16:09:14:442] [INFO] - com.wisdomgarden.shopping.adapter.ShoppingCartAdapter.getPromotionInfo(ShoppingCartAdapter.java:125) - [PromotionInfo{date='2013.11.11', discount=0.7, productType='电⼦'}]
[16:09:14:442] [INFO] - com.wisdomgarden.shopping.adapter.ShoppingCartAdapter.getShoppingInfo(ShoppingCartAdapter.java:138) - start to get promotion info, endIndex: 1
[16:09:14:442] [ERROR] - com.wisdomgarden.shopping.adapter.ShoppingCartAdapter.getShoppingInfo(ShoppingCartAdapter.java:143) - no shopping
[16:09:14:443] [INFO] - com.wisdomgarden.shopping.adapter.ShoppingCartAdapter.getCouponInfo(ShoppingCartAdapter.java:171) - start to get promotion info, startIndex: 3
[16:11:49:422] [INFO] - com.wisdomgarden.shopping.utils.FileUtil.read(FileUtil.java:29) - start to read file: src/main/resources/input/case001
[16:11:49:426] [INFO] - com.wisdomgarden.shopping.utils.FileUtil.read(FileUtil.java:45) - success to read file, result: 2013.11.11 | 0.7 | 电⼦

1 * ipad : 2399.00
1 * 显⽰器 : 1799.00
12 * 啤酒 : 25.00
5 * ⾯包 : 9.00

2013.11.11
2014.3.2 1000 200

[16:11:49:426] [INFO] - com.wisdomgarden.shopping.adapter.ShoppingCartAdapter.getPromotionInfo(ShoppingCartAdapter.java:103) - start to get promotion info, endIndex: 1
[16:11:49:427] [INFO] - com.wisdomgarden.shopping.adapter.ShoppingCartAdapter.getPromotionInfo(ShoppingCartAdapter.java:123) - [PromotionInfo{date='2013.11.11', discount=0.7, productType='电⼦'}]
[16:11:49:449] [INFO] - com.wisdomgarden.shopping.adapter.ShoppingCartAdapter.getShoppingInfo(ShoppingCartAdapter.java:136) - start to get shopping info, startIndex:$1, endIndex:$1 
[16:11:49:449] [ERROR] - com.wisdomgarden.shopping.adapter.ShoppingCartAdapter.getShoppingInfo(ShoppingCartAdapter.java:141) - no shopping
[16:11:49:449] [INFO] - com.wisdomgarden.shopping.adapter.ShoppingCartAdapter.getCouponInfo(ShoppingCartAdapter.java:169) - start to get coupon info, startIndex: 3
[16:12:07:085] [INFO] - com.wisdomgarden.shopping.utils.FileUtil.read(FileUtil.java:29) - start to read file: src/main/resources/input/case001
[16:12:07:088] [INFO] - com.wisdomgarden.shopping.utils.FileUtil.read(FileUtil.java:45) - success to read file, result: 2013.11.11 | 0.7 | 电⼦

1 * ipad : 2399.00
1 * 显⽰器 : 1799.00
12 * 啤酒 : 25.00
5 * ⾯包 : 9.00

2013.11.11
2014.3.2 1000 200

[16:12:07:089] [INFO] - com.wisdomgarden.shopping.adapter.ShoppingCartAdapter.getPromotionInfo(ShoppingCartAdapter.java:103) - start to get promotion info, endIndex: 1
[16:12:07:092] [INFO] - com.wisdomgarden.shopping.adapter.ShoppingCartAdapter.getPromotionInfo(ShoppingCartAdapter.java:123) - [PromotionInfo{date='2013.11.11', discount=0.7, productType='电⼦'}]
[16:12:07:094] [INFO] - com.wisdomgarden.shopping.adapter.ShoppingCartAdapter.getShoppingInfo(ShoppingCartAdapter.java:136) - start to get shopping info, startIndex:$1, endIndex:$1 
[16:12:07:094] [ERROR] - com.wisdomgarden.shopping.adapter.ShoppingCartAdapter.getShoppingInfo(ShoppingCartAdapter.java:141) - no shopping
[16:12:07:095] [INFO] - com.wisdomgarden.shopping.adapter.ShoppingCartAdapter.getCouponInfo(ShoppingCartAdapter.java:169) - start to get coupon info, startIndex: 3
[16:13:07:129] [INFO] - com.wisdomgarden.shopping.utils.FileUtil.read(FileUtil.java:29) - start to read file: src/main/resources/input/case001
[16:13:07:132] [INFO] - com.wisdomgarden.shopping.utils.FileUtil.read(FileUtil.java:45) - success to read file, result: 2013.11.11 | 0.7 | 电⼦

1 * ipad : 2399.00
1 * 显⽰器 : 1799.00
12 * 啤酒 : 25.00
5 * ⾯包 : 9.00

2013.11.11
2014.3.2 1000 200

[16:13:18:386] [INFO] - com.wisdomgarden.shopping.adapter.ShoppingCartAdapter.getPromotionInfo(ShoppingCartAdapter.java:103) - start to get promotion info, endIndex: 1
[16:13:18:389] [INFO] - com.wisdomgarden.shopping.adapter.ShoppingCartAdapter.getPromotionInfo(ShoppingCartAdapter.java:123) - [PromotionInfo{date='2013.11.11', discount=0.7, productType='电⼦'}]
[16:14:15:095] [INFO] - com.wisdomgarden.shopping.adapter.ShoppingCartAdapter.getShoppingInfo(ShoppingCartAdapter.java:136) - start to get shopping info, startIndex:$1, endIndex:$1 
[16:14:15:096] [ERROR] - com.wisdomgarden.shopping.adapter.ShoppingCartAdapter.getShoppingInfo(ShoppingCartAdapter.java:141) - no shopping
[16:14:15:096] [INFO] - com.wisdomgarden.shopping.adapter.ShoppingCartAdapter.getCouponInfo(ShoppingCartAdapter.java:169) - start to get coupon info, startIndex: 3
[16:14:41:570] [INFO] - com.wisdomgarden.shopping.utils.FileUtil.read(FileUtil.java:29) - start to read file: src/main/resources/input/case001
[16:14:41:573] [INFO] - com.wisdomgarden.shopping.utils.FileUtil.read(FileUtil.java:45) - success to read file, result: 2013.11.11 | 0.7 | 电⼦

1 * ipad : 2399.00
1 * 显⽰器 : 1799.00
12 * 啤酒 : 25.00
5 * ⾯包 : 9.00

2013.11.11
2014.3.2 1000 200

[16:14:41:573] [INFO] - com.wisdomgarden.shopping.adapter.ShoppingCartAdapter.getPromotionInfo(ShoppingCartAdapter.java:103) - start to get promotion info, endIndex: 1
[16:14:41:575] [INFO] - com.wisdomgarden.shopping.adapter.ShoppingCartAdapter.getPromotionInfo(ShoppingCartAdapter.java:123) - [PromotionInfo{date='2013.11.11', discount=0.7, productType='电⼦'}]
[16:14:41:577] [INFO] - com.wisdomgarden.shopping.adapter.ShoppingCartAdapter.getShoppingInfo(ShoppingCartAdapter.java:136) - start to get shopping info, startIndex:$1, endIndex:$6 
[16:14:57:123] [INFO] - com.wisdomgarden.shopping.utils.FileUtil.read(FileUtil.java:29) - start to read file: src/main/resources/input/case001
[16:14:57:126] [INFO] - com.wisdomgarden.shopping.utils.FileUtil.read(FileUtil.java:45) - success to read file, result: 2013.11.11 | 0.7 | 电⼦

1 * ipad : 2399.00
1 * 显⽰器 : 1799.00
12 * 啤酒 : 25.00
5 * ⾯包 : 9.00

2013.11.11
2014.3.2 1000 200

[16:14:57:126] [INFO] - com.wisdomgarden.shopping.adapter.ShoppingCartAdapter.getPromotionInfo(ShoppingCartAdapter.java:103) - start to get promotion info, endIndex: 1
[16:14:57:128] [INFO] - com.wisdomgarden.shopping.adapter.ShoppingCartAdapter.getPromotionInfo(ShoppingCartAdapter.java:123) - [PromotionInfo{date='2013.11.11', discount=0.7, productType='电⼦'}]
[16:14:57:130] [INFO] - com.wisdomgarden.shopping.adapter.ShoppingCartAdapter.getShoppingInfo(ShoppingCartAdapter.java:136) - start to get shopping info, startIndex:$1, endIndex:$6 
[16:17:34:346] [INFO] - com.wisdomgarden.shopping.utils.FileUtil.read(FileUtil.java:29) - start to read file: src/main/resources/input/case001
[16:17:34:350] [INFO] - com.wisdomgarden.shopping.utils.FileUtil.read(FileUtil.java:45) - success to read file, result: 2013.11.11 | 0.7 | 电⼦

1 * ipad : 2399.00
1 * 显⽰器 : 1799.00
12 * 啤酒 : 25.00
5 * ⾯包 : 9.00

2013.11.11
2014.3.2 1000 200

[16:17:34:350] [INFO] - com.wisdomgarden.shopping.adapter.ShoppingCartAdapter.getPromotionInfo(ShoppingCartAdapter.java:103) - start to get promotion info, endIndex: 1
[16:17:34:353] [INFO] - com.wisdomgarden.shopping.adapter.ShoppingCartAdapter.getPromotionInfo(ShoppingCartAdapter.java:123) - [PromotionInfo{date='2013.11.11', discount=0.7, productType='电⼦'}]
[16:17:34:356] [INFO] - com.wisdomgarden.shopping.adapter.ShoppingCartAdapter.getShoppingInfo(ShoppingCartAdapter.java:136) - start to get shopping info, startIndex:$1, endIndex:$6 
[16:19:22:754] [INFO] - com.wisdomgarden.shopping.utils.FileUtil.read(FileUtil.java:29) - start to read file: src/main/resources/input/case001
[16:19:22:757] [INFO] - com.wisdomgarden.shopping.utils.FileUtil.read(FileUtil.java:45) - success to read file, result: 2013.11.11 | 0.7 | 电⼦

1 * ipad : 2399.00
1 * 显⽰器 : 1799.00
12 * 啤酒 : 25.00
5 * ⾯包 : 9.00

2013.11.11
2014.3.2 1000 200

[16:19:22:757] [INFO] - com.wisdomgarden.shopping.adapter.ShoppingCartAdapter.getPromotionInfo(ShoppingCartAdapter.java:103) - start to get promotion info, endIndex: 1
[16:19:22:759] [INFO] - com.wisdomgarden.shopping.adapter.ShoppingCartAdapter.getPromotionInfo(ShoppingCartAdapter.java:123) - [PromotionInfo{date='2013.11.11', discount=0.699999988079071, productType='电⼦'}]
[16:19:22:761] [INFO] - com.wisdomgarden.shopping.adapter.ShoppingCartAdapter.getShoppingInfo(ShoppingCartAdapter.java:136) - start to get shopping info, startIndex:$1, endIndex:$6 
[16:22:06:527] [INFO] - com.wisdomgarden.shopping.utils.FileUtil.read(FileUtil.java:29) - start to read file: src/main/resources/input/case001
[16:22:06:530] [INFO] - com.wisdomgarden.shopping.utils.FileUtil.read(FileUtil.java:45) - success to read file, result: 2013.11.11 | 0.7 | 电⼦

1 * ipad : 2399.00
1 * 显⽰器 : 1799.00
12 * 啤酒 : 25.00
5 * ⾯包 : 9.00

2013.11.11
2014.3.2 1000 200

[16:22:06:530] [INFO] - com.wisdomgarden.shopping.adapter.ShoppingCartAdapter.getPromotionInfo(ShoppingCartAdapter.java:103) - start to get promotion info, endIndex: 1
[16:22:48:172] [INFO] - com.wisdomgarden.shopping.adapter.ShoppingCartAdapter.getPromotionInfo(ShoppingCartAdapter.java:123) - [PromotionInfo{date='2013.11.11', discount=0.7, productType='电⼦'}]
[16:22:48:175] [INFO] - com.wisdomgarden.shopping.adapter.ShoppingCartAdapter.getShoppingInfo(ShoppingCartAdapter.java:136) - start to get shopping info, startIndex:$1, endIndex:$6 
[16:23:18:615] [INFO] - com.wisdomgarden.shopping.utils.FileUtil.read(FileUtil.java:29) - start to read file: src/main/resources/input/case001
[16:23:18:618] [INFO] - com.wisdomgarden.shopping.utils.FileUtil.read(FileUtil.java:45) - success to read file, result: 2013.11.11 | 0.7 | 电⼦

1 * ipad : 2399.00
1 * 显⽰器 : 1799.00
12 * 啤酒 : 25.00
5 * ⾯包 : 9.00

2013.11.11
2014.3.2 1000 200

[16:23:18:618] [INFO] - com.wisdomgarden.shopping.adapter.ShoppingCartAdapter.getPromotionInfo(ShoppingCartAdapter.java:103) - start to get promotion info, endIndex: 1
[16:23:18:619] [INFO] - com.wisdomgarden.shopping.adapter.ShoppingCartAdapter.getPromotionInfo(ShoppingCartAdapter.java:123) - [PromotionInfo{date='2013.11.11', discount=0.7, productType='电⼦'}]
[16:23:18:621] [INFO] - com.wisdomgarden.shopping.adapter.ShoppingCartAdapter.getShoppingInfo(ShoppingCartAdapter.java:136) - start to get shopping info, startIndex:$1, endIndex:$6 
[16:24:44:294] [INFO] - com.wisdomgarden.shopping.utils.FileUtil.read(FileUtil.java:29) - start to read file: src/main/resources/input/case001
[16:24:44:297] [INFO] - com.wisdomgarden.shopping.utils.FileUtil.read(FileUtil.java:45) - success to read file, result: 2013.11.11 | 0.7 | 电⼦

1 * ipad : 2399.00
1 * 显⽰器 : 1799.00
12 * 啤酒 : 25.00
5 * ⾯包 : 9.00

2013.11.11
2014.3.2 1000 200

[16:24:44:297] [INFO] - com.wisdomgarden.shopping.utils.FileUtil.write(FileUtil.java:57) - start to write file, filePath:src/main/resources/output/case001
[16:24:44:297] [INFO] - com.wisdomgarden.shopping.utils.FileUtil.write(FileUtil.java:71) - success to write file
[16:30:42:823] [INFO] - com.wisdomgarden.shopping.utils.FileUtil.read(FileUtil.java:29) - start to read file: src/main/resources/input/case001
[16:30:42:826] [INFO] - com.wisdomgarden.shopping.utils.FileUtil.read(FileUtil.java:45) - success to read file, result: 2013.11.11 | 0.7 | 电⼦

1 * ipad : 2399.00
1 * 显⽰器 : 1799.00
12 * 啤酒 : 25.00
5 * ⾯包 : 9.00

2013.11.11
2014.3.2 1000 200

[16:30:42:826] [INFO] - com.wisdomgarden.shopping.utils.FileUtil.write(FileUtil.java:57) - start to write file, filePath:src/main/resources/output/case001
[16:30:42:827] [INFO] - com.wisdomgarden.shopping.utils.FileUtil.write(FileUtil.java:71) - success to write file
[16:32:01:407] [INFO] - com.wisdomgarden.shopping.utils.FileUtil.read(FileUtil.java:29) - start to read file: src/main/resources/input/case001
[16:32:01:410] [INFO] - com.wisdomgarden.shopping.utils.FileUtil.read(FileUtil.java:45) - success to read file, result: 2013.11.11 | 0.7 | 电⼦

1 * ipad : 2399.00
1 * 显⽰器 : 1799.00
12 * 啤酒 : 25.00
5 * ⾯包 : 9.00

2013.11.11
2014.3.2 1000 200

[16:32:01:410] [INFO] - com.wisdomgarden.shopping.utils.FileUtil.write(FileUtil.java:57) - start to write file, filePath:src/main/resources/output/case001
[16:32:01:410] [INFO] - com.wisdomgarden.shopping.utils.FileUtil.write(FileUtil.java:71) - success to write file
[16:32:32:397] [INFO] - com.wisdomgarden.shopping.utils.FileUtil.read(FileUtil.java:29) - start to read file: src/main/resources/input/case001
[16:32:32:399] [INFO] - com.wisdomgarden.shopping.utils.FileUtil.read(FileUtil.java:45) - success to read file, result: 2013.11.11 | 0.7 | 电⼦

1 * ipad : 2399.00
1 * 显⽰器 : 1799.00
12 * 啤酒 : 25.00
5 * ⾯包 : 9.00

2013.11.11
2014.3.2 1000 200

[16:32:32:400] [INFO] - com.wisdomgarden.shopping.adapter.ShoppingCartAdapter.getPromotionInfo(ShoppingCartAdapter.java:108) - start to get promotion info, endIndex: 1
[16:32:32:401] [INFO] - com.wisdomgarden.shopping.adapter.ShoppingCartAdapter.getPromotionInfo(ShoppingCartAdapter.java:128) - [PromotionInfo{date='2013.11.11', discount=0.7, productType='电⼦'}]
[16:32:32:403] [INFO] - com.wisdomgarden.shopping.adapter.ShoppingCartAdapter.getShoppingInfo(ShoppingCartAdapter.java:141) - start to get shopping info, startIndex:$1, endIndex:$6 
[16:34:42:439] [INFO] - com.wisdomgarden.shopping.utils.FileUtil.read(FileUtil.java:29) - start to read file: src/main/resources/input/case001
[16:34:42:441] [INFO] - com.wisdomgarden.shopping.utils.FileUtil.read(FileUtil.java:45) - success to read file, result: 2013.11.11 | 0.7 | 电⼦

1 * ipad : 2399.00
1 * 显⽰器 : 1799.00
12 * 啤酒 : 25.00
5 * ⾯包 : 9.00

2013.11.11
2014.3.2 1000 200

[16:34:42:441] [INFO] - com.wisdomgarden.shopping.adapter.ShoppingCartAdapter.getPromotionInfo(ShoppingCartAdapter.java:109) - start to get promotion info, endIndex: 1
[16:34:42:442] [INFO] - com.wisdomgarden.shopping.adapter.ShoppingCartAdapter.getPromotionInfo(ShoppingCartAdapter.java:129) - [PromotionInfo{date='2013.11.11', discount=0.7, productType='电⼦'}]
[16:34:42:444] [INFO] - com.wisdomgarden.shopping.adapter.ShoppingCartAdapter.getShoppingInfo(ShoppingCartAdapter.java:142) - start to get shopping info, startIndex:1, endIndex:6 
[16:34:42:445] [ERROR] - com.wisdomgarden.shopping.adapter.ShoppingCartAdapter.getInputInfo(ShoppingCartAdapter.java:93) - Failed to get input info, exception occurred: String index out of range: -2
[16:35:52:125] [INFO] - com.wisdomgarden.shopping.utils.FileUtil.read(FileUtil.java:29) - start to read file: src/main/resources/input/case001
[16:35:52:127] [INFO] - com.wisdomgarden.shopping.utils.FileUtil.read(FileUtil.java:45) - success to read file, result: 2013.11.11 | 0.7 | 电⼦

1 * ipad : 2399.00
1 * 显⽰器 : 1799.00
12 * 啤酒 : 25.00
5 * ⾯包 : 9.00

2013.11.11
2014.3.2 1000 200

[16:35:52:128] [INFO] - com.wisdomgarden.shopping.adapter.ShoppingCartAdapter.getPromotionInfo(ShoppingCartAdapter.java:109) - start to get promotion info, endIndex: 1
[16:35:52:129] [INFO] - com.wisdomgarden.shopping.adapter.ShoppingCartAdapter.getPromotionInfo(ShoppingCartAdapter.java:129) - [PromotionInfo{date='2013.11.11', discount=0.7, productType='电⼦'}]
[16:35:52:131] [INFO] - com.wisdomgarden.shopping.adapter.ShoppingCartAdapter.getShoppingInfo(ShoppingCartAdapter.java:142) - start to get shopping info, startIndex:1, endIndex:6 
[16:35:52:132] [ERROR] - com.wisdomgarden.shopping.adapter.ShoppingCartAdapter.getInputInfo(ShoppingCartAdapter.java:93) - Failed to get input info, exception occurred: java.lang.StringIndexOutOfBoundsException: String index out of range: -2
[16:37:16:992] [INFO] - com.wisdomgarden.shopping.utils.FileUtil.read(FileUtil.java:29) - start to read file: src/main/resources/input/case001
[16:37:16:998] [INFO] - com.wisdomgarden.shopping.utils.FileUtil.read(FileUtil.java:45) - success to read file, result: 2013.11.11 | 0.7 | 电⼦

1 * ipad : 2399.00
1 * 显⽰器 : 1799.00
12 * 啤酒 : 25.00
5 * ⾯包 : 9.00

2013.11.11
2014.3.2 1000 200

[16:37:16:998] [INFO] - com.wisdomgarden.shopping.adapter.ShoppingCartAdapter.getPromotionInfo(ShoppingCartAdapter.java:109) - start to get promotion info, endIndex: 1
[16:37:17:000] [INFO] - com.wisdomgarden.shopping.adapter.ShoppingCartAdapter.getPromotionInfo(ShoppingCartAdapter.java:129) - [PromotionInfo{date='2013.11.11', discount=0.7, productType='电⼦'}]
[16:37:17:003] [INFO] - com.wisdomgarden.shopping.adapter.ShoppingCartAdapter.getShoppingInfo(ShoppingCartAdapter.java:142) - start to get shopping info, startIndex:1, endIndex:6 
[16:39:49:852] [ERROR] - com.wisdomgarden.shopping.adapter.ShoppingCartAdapter.getInputInfo(ShoppingCartAdapter.java:93) - Failed to get input info, exception occurred: java.lang.StringIndexOutOfBoundsException: String index out of range: -2
[16:39:52:297] [INFO] - com.wisdomgarden.shopping.utils.FileUtil.read(FileUtil.java:29) - start to read file: src/main/resources/input/case001
[16:39:52:300] [INFO] - com.wisdomgarden.shopping.utils.FileUtil.read(FileUtil.java:45) - success to read file, result: 2013.11.11 | 0.7 | 电⼦

1 * ipad : 2399.00
1 * 显⽰器 : 1799.00
12 * 啤酒 : 25.00
5 * ⾯包 : 9.00

2013.11.11
2014.3.2 1000 200

[16:39:52:300] [INFO] - com.wisdomgarden.shopping.adapter.ShoppingCartAdapter.getPromotionInfo(ShoppingCartAdapter.java:109) - start to get promotion info, endIndex: 1
[16:39:52:302] [INFO] - com.wisdomgarden.shopping.adapter.ShoppingCartAdapter.getPromotionInfo(ShoppingCartAdapter.java:129) - [PromotionInfo{date='2013.11.11', discount=0.7, productType='电⼦'}]
[16:39:52:304] [INFO] - com.wisdomgarden.shopping.adapter.ShoppingCartAdapter.getShoppingInfo(ShoppingCartAdapter.java:142) - start to get shopping info, startIndex:1, endIndex:6 
[16:42:33:575] [ERROR] - com.wisdomgarden.shopping.adapter.ShoppingCartAdapter.getInputInfo(ShoppingCartAdapter.java:93) - Failed to get input info, exception occurred: java.lang.StringIndexOutOfBoundsException: String index out of range: -2
[16:42:38:636] [INFO] - com.wisdomgarden.shopping.utils.FileUtil.read(FileUtil.java:29) - start to read file: src/main/resources/input/case001
[16:42:38:638] [INFO] - com.wisdomgarden.shopping.utils.FileUtil.read(FileUtil.java:45) - success to read file, result: 2013.11.11 | 0.7 | 电⼦

1 * ipad : 2399.00
1 * 显⽰器 : 1799.00
12 * 啤酒 : 25.00
5 * ⾯包 : 9.00

2013.11.11
2014.3.2 1000 200

[16:42:38:638] [INFO] - com.wisdomgarden.shopping.adapter.ShoppingCartAdapter.getPromotionInfo(ShoppingCartAdapter.java:109) - start to get promotion info, endIndex: 1
[16:42:38:639] [INFO] - com.wisdomgarden.shopping.adapter.ShoppingCartAdapter.getPromotionInfo(ShoppingCartAdapter.java:129) - [PromotionInfo{date='2013.11.11', discount=0.7, productType='电⼦'}]
[16:42:38:641] [INFO] - com.wisdomgarden.shopping.adapter.ShoppingCartAdapter.getShoppingInfo(ShoppingCartAdapter.java:142) - start to get shopping info, startIndex:1, endIndex:6 
[16:42:38:642] [INFO] - com.wisdomgarden.shopping.adapter.ShoppingCartAdapter.getShoppingInfo(ShoppingCartAdapter.java:166) - [ShoppingCartInfo{productName='⾯包', productPrice='9.0', productNum=5}, ShoppingCartInfo{productName='啤酒', productPrice='25.0', productNum=12}, ShoppingCartInfo{productName='显⽰器', productPrice='1799.0', productNum=1}, ShoppingCartInfo{productName='ipad', productPrice='2399.0', productNum=1}]
[16:42:38:642] [INFO] - com.wisdomgarden.shopping.adapter.ShoppingCartAdapter.getCouponInfo(ShoppingCartAdapter.java:178) - start to get coupon info, startIndex: 8
[16:42:38:643] [ERROR] - com.wisdomgarden.shopping.adapter.ShoppingCartAdapter.getInputInfo(ShoppingCartAdapter.java:93) - Failed to get input info, exception occurred: java.lang.ArrayIndexOutOfBoundsException: 4
[16:45:29:904] [INFO] - com.wisdomgarden.shopping.utils.FileUtil.read(FileUtil.java:29) - start to read file: src/main/resources/input/case001
[16:45:29:907] [INFO] - com.wisdomgarden.shopping.utils.FileUtil.read(FileUtil.java:45) - success to read file, result: 2013.11.11 | 0.7 | 电⼦

1 * ipad : 2399.00
1 * 显⽰器 : 1799.00
12 * 啤酒 : 25.00
5 * ⾯包 : 9.00

2013.11.11
2014.3.2 1000 200

[16:45:29:907] [INFO] - com.wisdomgarden.shopping.adapter.ShoppingCartAdapter.getPromotionInfo(ShoppingCartAdapter.java:110) - start to get promotion info, endIndex: 1
[16:45:29:908] [INFO] - com.wisdomgarden.shopping.adapter.ShoppingCartAdapter.getPromotionInfo(ShoppingCartAdapter.java:130) - [PromotionInfo{date='2013.11.11', discount=0.7, productType='电⼦'}]
[16:45:29:910] [INFO] - com.wisdomgarden.shopping.adapter.ShoppingCartAdapter.getShoppingInfo(ShoppingCartAdapter.java:143) - start to get shopping info, startIndex:1, endIndex:6 
[16:45:29:910] [INFO] - com.wisdomgarden.shopping.adapter.ShoppingCartAdapter.getShoppingInfo(ShoppingCartAdapter.java:167) - [ShoppingCartInfo{productName='⾯包', productPrice='9.0', productNum=5}, ShoppingCartInfo{productName='啤酒', productPrice='25.0', productNum=12}, ShoppingCartInfo{productName='显⽰器', productPrice='1799.0', productNum=1}, ShoppingCartInfo{productName='ipad', productPrice='2399.0', productNum=1}]
[16:45:29:910] [INFO] - com.wisdomgarden.shopping.adapter.ShoppingCartAdapter.getCouponInfo(ShoppingCartAdapter.java:179) - start to get coupon info, startIndex: 8
[16:45:29:911] [ERROR] - com.wisdomgarden.shopping.adapter.ShoppingCartAdapter.getInputInfo(ShoppingCartAdapter.java:93) - Failed to get input info, exception occurred: java.lang.ArrayIndexOutOfBoundsException: 4
[16:45:57:859] [INFO] - com.wisdomgarden.shopping.utils.FileUtil.read(FileUtil.java:29) - start to read file: src/main/resources/input/case001
[16:45:57:862] [INFO] - com.wisdomgarden.shopping.utils.FileUtil.read(FileUtil.java:45) - success to read file, result: 2013.11.11 | 0.7 | 电⼦

1 * ipad : 2399.00
1 * 显⽰器 : 1799.00
12 * 啤酒 : 25.00
5 * ⾯包 : 9.00

2013.11.11
2014.3.2 1000 200

[16:45:57:862] [INFO] - com.wisdomgarden.shopping.adapter.ShoppingCartAdapter.getPromotionInfo(ShoppingCartAdapter.java:110) - start to get promotion info, endIndex: 1
[16:45:57:864] [INFO] - com.wisdomgarden.shopping.adapter.ShoppingCartAdapter.getPromotionInfo(ShoppingCartAdapter.java:130) - [PromotionInfo{date='2013.11.11', discount=0.7, productType='电⼦'}]
[16:45:57:866] [INFO] - com.wisdomgarden.shopping.adapter.ShoppingCartAdapter.getShoppingInfo(ShoppingCartAdapter.java:143) - start to get shopping info, startIndex:1, endIndex:6 
[16:46:01:423] [INFO] - com.wisdomgarden.shopping.adapter.ShoppingCartAdapter.getShoppingInfo(ShoppingCartAdapter.java:167) - [ShoppingCartInfo{productName='⾯包', productPrice='9.0', productNum=5}, ShoppingCartInfo{productName='啤酒', productPrice='25.0', productNum=12}, ShoppingCartInfo{productName='显⽰器', productPrice='1799.0', productNum=1}, ShoppingCartInfo{productName='ipad', productPrice='2399.0', productNum=1}]
[16:46:01:423] [INFO] - com.wisdomgarden.shopping.adapter.ShoppingCartAdapter.getCouponInfo(ShoppingCartAdapter.java:179) - start to get coupon info, startIndex: 8
[16:46:27:536] [ERROR] - com.wisdomgarden.shopping.adapter.ShoppingCartAdapter.getInputInfo(ShoppingCartAdapter.java:93) - Failed to get input info, exception occurred: java.lang.ArrayIndexOutOfBoundsException: 4
[16:47:14:199] [INFO] - com.wisdomgarden.shopping.utils.FileUtil.read(FileUtil.java:29) - start to read file: src/main/resources/input/case001
[16:47:14:201] [INFO] - com.wisdomgarden.shopping.utils.FileUtil.read(FileUtil.java:45) - success to read file, result: 2013.11.11 | 0.7 | 电⼦

1 * ipad : 2399.00
1 * 显⽰器 : 1799.00
12 * 啤酒 : 25.00
5 * ⾯包 : 9.00

2013.11.11
2014.3.2 1000 200

[16:47:14:201] [INFO] - com.wisdomgarden.shopping.adapter.ShoppingCartAdapter.getPromotionInfo(ShoppingCartAdapter.java:110) - start to get promotion info, endIndex: 1
[16:47:14:202] [INFO] - com.wisdomgarden.shopping.adapter.ShoppingCartAdapter.getPromotionInfo(ShoppingCartAdapter.java:130) - [PromotionInfo{date='2013.11.11', discount=0.7, productType='电⼦'}]
[16:47:14:204] [INFO] - com.wisdomgarden.shopping.adapter.ShoppingCartAdapter.getShoppingInfo(ShoppingCartAdapter.java:143) - start to get shopping info, startIndex:1, endIndex:6 
[16:47:14:205] [INFO] - com.wisdomgarden.shopping.adapter.ShoppingCartAdapter.getShoppingInfo(ShoppingCartAdapter.java:167) - [ShoppingCartInfo{productName='⾯包', productPrice='9.0', productNum=5}, ShoppingCartInfo{productName='啤酒', productPrice='25.0', productNum=12}, ShoppingCartInfo{productName='显⽰器', productPrice='1799.0', productNum=1}, ShoppingCartInfo{productName='ipad', productPrice='2399.0', productNum=1}]
[16:47:14:205] [INFO] - com.wisdomgarden.shopping.adapter.ShoppingCartAdapter.getCouponInfo(ShoppingCartAdapter.java:179) - start to get coupon info, startIndex: 8
[16:47:14:205] [INFO] - com.wisdomgarden.shopping.adapter.ShoppingCartAdapter.getCouponInfo(ShoppingCartAdapter.java:193) - [CouponInfo{expiration='2014.3.2', leastAmount=1000, discountAmount=200}]
[16:47:14:206] [INFO] - com.wisdomgarden.shopping.adapter.ShoppingCartAdapter.getInputInfo(ShoppingCartAdapter.java:98) - InputInfo{promotionInfoList=[PromotionInfo{date='2013.11.11', discount=0.7, productType='电⼦'}], shoppingCartInfoList=[ShoppingCartInfo{productName='⾯包', productPrice='9.0', productNum=5}, ShoppingCartInfo{productName='啤酒', productPrice='25.0', productNum=12}, ShoppingCartInfo{productName='显⽰器', productPrice='1799.0', productNum=1}, ShoppingCartInfo{productName='ipad', productPrice='2399.0', productNum=1}], settlementDate='2013.11.11', couponInfoList=[CouponInfo{expiration='2014.3.2', leastAmount=1000, discountAmount=200}]}
[16:48:07:311] [INFO] - com.wisdomgarden.shopping.utils.FileUtil.read(FileUtil.java:29) - start to read file: src/main/resources/input/case001
[16:48:07:314] [INFO] - com.wisdomgarden.shopping.utils.FileUtil.read(FileUtil.java:45) - success to read file, result: 2013.11.11 | 0.7 | 电⼦

1 * ipad : 2399.00
1 * 显⽰器 : 1799.00
12 * 啤酒 : 25.00
5 * ⾯包 : 9.00

2013.11.11
2014.3.2 1000 200

[16:48:07:314] [INFO] - com.wisdomgarden.shopping.adapter.ShoppingCartAdapter.getPromotionInfo(ShoppingCartAdapter.java:110) - start to get promotion info, endIndex: 1
[16:48:32:884] [INFO] - com.wisdomgarden.shopping.adapter.ShoppingCartAdapter.getPromotionInfo(ShoppingCartAdapter.java:130) - [PromotionInfo{date='2', discount=1.0, productType='.'}]
[16:48:32:887] [INFO] - com.wisdomgarden.shopping.adapter.ShoppingCartAdapter.getShoppingInfo(ShoppingCartAdapter.java:143) - start to get shopping info, startIndex:1, endIndex:6 
[16:48:32:887] [INFO] - com.wisdomgarden.shopping.adapter.ShoppingCartAdapter.getShoppingInfo(ShoppingCartAdapter.java:167) - [ShoppingCartInfo{productName='⾯包', productPrice='9.0', productNum=5}, ShoppingCartInfo{productName='啤酒', productPrice='25.0', productNum=12}, ShoppingCartInfo{productName='显⽰器', productPrice='1799.0', productNum=1}, ShoppingCartInfo{productName='ipad', productPrice='2399.0', productNum=1}]
[16:48:32:888] [INFO] - com.wisdomgarden.shopping.adapter.ShoppingCartAdapter.getCouponInfo(ShoppingCartAdapter.java:179) - start to get coupon info, startIndex: 8
[16:48:32:888] [INFO] - com.wisdomgarden.shopping.adapter.ShoppingCartAdapter.getCouponInfo(ShoppingCartAdapter.java:193) - [CouponInfo{expiration='2014.3.2', leastAmount=1000, discountAmount=200}]
[16:48:32:888] [INFO] - com.wisdomgarden.shopping.adapter.ShoppingCartAdapter.getInputInfo(ShoppingCartAdapter.java:98) - InputInfo{promotionInfoList=[PromotionInfo{date='2', discount=1.0, productType='.'}], shoppingCartInfoList=[ShoppingCartInfo{productName='⾯包', productPrice='9.0', productNum=5}, ShoppingCartInfo{productName='啤酒', productPrice='25.0', productNum=12}, ShoppingCartInfo{productName='显⽰器', productPrice='1799.0', productNum=1}, ShoppingCartInfo{productName='ipad', productPrice='2399.0', productNum=1}], settlementDate='2013.11.11', couponInfoList=[CouponInfo{expiration='2014.3.2', leastAmount=1000, discountAmount=200}]}
[16:48:54:146] [INFO] - com.wisdomgarden.shopping.utils.FileUtil.read(FileUtil.java:29) - start to read file: src/main/resources/input/case001
[16:48:54:149] [INFO] - com.wisdomgarden.shopping.utils.FileUtil.read(FileUtil.java:45) - success to read file, result: 2013.11.11 | 0.7 | 电⼦

1 * ipad : 2399.00
1 * 显⽰器 : 1799.00
12 * 啤酒 : 25.00
5 * ⾯包 : 9.00

2013.11.11
2014.3.2 1000 200

[16:48:54:149] [INFO] - com.wisdomgarden.shopping.adapter.ShoppingCartAdapter.getPromotionInfo(ShoppingCartAdapter.java:110) - start to get promotion info, endIndex: 1
[16:50:06:459] [ERROR] - com.wisdomgarden.shopping.adapter.ShoppingCartAdapter.getInputInfo(ShoppingCartAdapter.java:93) - Failed to get input info, exception occurred: java.lang.NumberFormatException: For input string: "电⼦"
[16:50:16:046] [INFO] - com.wisdomgarden.shopping.utils.FileUtil.read(FileUtil.java:29) - start to read file: src/main/resources/input/case001
[16:50:16:049] [INFO] - com.wisdomgarden.shopping.utils.FileUtil.read(FileUtil.java:45) - success to read file, result: 2013.11.11 | 0.7 | 电⼦

1 * ipad : 2399.00
1 * 显⽰器 : 1799.00
12 * 啤酒 : 25.00
5 * ⾯包 : 9.00

2013.11.11
2014.3.2 1000 200

[16:50:16:049] [INFO] - com.wisdomgarden.shopping.adapter.ShoppingCartAdapter.getPromotionInfo(ShoppingCartAdapter.java:110) - start to get promotion info, endIndex: 1
[16:50:29:885] [INFO] - com.wisdomgarden.shopping.adapter.ShoppingCartAdapter.getPromotionInfo(ShoppingCartAdapter.java:130) - [PromotionInfo{date='2013.11.11', discount=0.7, productType='电⼦'}]
[16:50:29:888] [INFO] - com.wisdomgarden.shopping.adapter.ShoppingCartAdapter.getShoppingInfo(ShoppingCartAdapter.java:143) - start to get shopping info, startIndex:1, endIndex:6 
[16:50:29:889] [INFO] - com.wisdomgarden.shopping.adapter.ShoppingCartAdapter.getShoppingInfo(ShoppingCartAdapter.java:167) - [ShoppingCartInfo{productName='⾯包', productPrice='9.0', productNum=5}, ShoppingCartInfo{productName='啤酒', productPrice='25.0', productNum=12}, ShoppingCartInfo{productName='显⽰器', productPrice='1799.0', productNum=1}, ShoppingCartInfo{productName='ipad', productPrice='2399.0', productNum=1}]
[16:50:29:889] [INFO] - com.wisdomgarden.shopping.adapter.ShoppingCartAdapter.getCouponInfo(ShoppingCartAdapter.java:179) - start to get coupon info, startIndex: 8
[16:50:29:890] [INFO] - com.wisdomgarden.shopping.adapter.ShoppingCartAdapter.getCouponInfo(ShoppingCartAdapter.java:193) - [CouponInfo{expiration='2014.3.2', leastAmount=1000, discountAmount=200}]
[16:50:29:890] [INFO] - com.wisdomgarden.shopping.adapter.ShoppingCartAdapter.getInputInfo(ShoppingCartAdapter.java:98) - InputInfo{promotionInfoList=[PromotionInfo{date='2013.11.11', discount=0.7, productType='电⼦'}], shoppingCartInfoList=[ShoppingCartInfo{productName='⾯包', productPrice='9.0', productNum=5}, ShoppingCartInfo{productName='啤酒', productPrice='25.0', productNum=12}, ShoppingCartInfo{productName='显⽰器', productPrice='1799.0', productNum=1}, ShoppingCartInfo{productName='ipad', productPrice='2399.0', productNum=1}], settlementDate='2013.11.11', couponInfoList=[CouponInfo{expiration='2014.3.2', leastAmount=1000, discountAmount=200}]}
[16:53:37:402] [INFO] - com.wisdomgarden.shopping.utils.FileUtil.read(FileUtil.java:29) - start to read file: src/main/resources/input/case002
[16:53:37:404] [INFO] - com.wisdomgarden.shopping.utils.FileUtil.read(FileUtil.java:45) - success to read file, result: 
3 * 蔬菜 : 5.98
8 * 餐⼱纸 : 3.20

2014.01.01

[16:53:37:404] [INFO] - com.wisdomgarden.shopping.adapter.ShoppingCartAdapter.getPromotionInfo(ShoppingCartAdapter.java:109) - start to get promotion info, endIndex: 0
[16:53:37:405] [INFO] - com.wisdomgarden.shopping.adapter.ShoppingCartAdapter.getPromotionInfo(ShoppingCartAdapter.java:114) - no promotions
[16:53:37:406] [INFO] - com.wisdomgarden.shopping.adapter.ShoppingCartAdapter.getShoppingInfo(ShoppingCartAdapter.java:142) - start to get shopping info, startIndex:0, endIndex:3 
[16:53:37:408] [INFO] - com.wisdomgarden.shopping.adapter.ShoppingCartAdapter.getShoppingInfo(ShoppingCartAdapter.java:166) - [ShoppingCartInfo{productName='餐⼱纸', productPrice='3.2', productNum=8}, ShoppingCartInfo{productName='蔬菜', productPrice='5.98', productNum=3}]
[16:53:37:408] [INFO] - com.wisdomgarden.shopping.adapter.ShoppingCartAdapter.getCouponInfo(ShoppingCartAdapter.java:178) - start to get coupon info, startIndex: 5
[16:53:37:408] [INFO] - com.wisdomgarden.shopping.adapter.ShoppingCartAdapter.getCouponInfo(ShoppingCartAdapter.java:192) - []
[16:53:37:408] [INFO] - com.wisdomgarden.shopping.adapter.ShoppingCartAdapter.getInputInfo(ShoppingCartAdapter.java:97) - InputInfo{promotionInfoList=[], shoppingCartInfoList=[ShoppingCartInfo{productName='餐⼱纸', productPrice='3.2', productNum=8}, ShoppingCartInfo{productName='蔬菜', productPrice='5.98', productNum=3}], settlementDate='2014.01.01', couponInfoList=[]}
